2025-07-13 09:49:51,374 - INFO - watchfiles.main - 5 changes detected
2025-07-13 09:55:29,526 - WARNING - main - Validation error: [{'type': 'list_type', 'loc': ('body', 'user_data', 'profile', 'quiz_history'), 'msg': 'Input should be a valid list', 'input': '2024-06-01'}]
2025-07-13 09:56:48,022 - WARNING - main - Validation error: [{'type': 'list_type', 'loc': ('body', 'user_data', 'profile', 'quiz_history'), 'msg': 'Input should be a valid list', 'input': '2024-03-02'}]
2025-07-13 09:57:04,877 - INFO - main - Analyzing engagement for user: yuvi bhaai bolthey
2025-07-13 09:57:04,880 - INFO - main - Triggering resume upload rule-based nudge.
2025-07-13 09:57:04,882 - INFO - main - Triggering project-based rule nudge.
2025-07-13 09:57:04,883 - INFO - main - Triggering comeback event nudge.
2025-07-13 09:57:04,885 - INFO - main - Triggering event FOMO rule-based nudge.
2025-07-13 09:57:15,848 - INFO - main - Analyzing engagement for user: yuvaraj
2025-07-13 09:57:15,849 - INFO - main - Triggering resume upload rule-based nudge.
2025-07-13 09:57:15,849 - INFO - main - Triggering project-based rule nudge.
2025-07-13 09:57:15,850 - INFO - main - Triggering comeback event nudge.
2025-07-13 09:57:15,850 - INFO - main - Triggering event FOMO rule-based nudge.
2025-07-13 09:57:51,084 - INFO - main - Analyzing engagement for user: yuvaraj
2025-07-13 09:57:51,085 - INFO - main - Triggering resume upload rule-based nudge.
2025-07-13 09:57:51,086 - INFO - main - Triggering project-based rule nudge.
2025-07-13 09:57:51,087 - INFO - main - Triggering comeback event nudge.
2025-07-13 09:57:51,087 - INFO - main - Triggering event FOMO rule-based nudge.
2025-07-13 09:58:24,693 - INFO - main - Analyzing engagement for user: yuvaraj
2025-07-13 09:58:24,695 - INFO - main - Triggering project-based rule nudge.
2025-07-13 09:58:24,697 - INFO - main - Triggering comeback event nudge.
2025-07-13 09:58:24,699 - INFO - main - Triggering event FOMO rule-based nudge.
2025-07-13 09:59:09,085 - INFO - main - Analyzing engagement for user: yuvaraj
2025-07-13 09:59:09,086 - INFO - main - Triggering project-based rule nudge.
2025-07-13 09:59:09,087 - INFO - main - Triggering event FOMO rule-based nudge.
2025-07-13 09:59:09,092 - ERROR - main - Resume ML model failed: 'event_fomo_score'
2025-07-13 09:59:09,092 - ERROR - main - Event ML model failed: 'PeerSnapshot' object has no attribute 'batch_attending_events_count'
2025-07-13 09:59:09,093 - INFO - main - Adding fallback nudge.
2025-07-13 09:59:22,032 - INFO - main - Analyzing engagement for user: yuvaraj
2025-07-13 09:59:22,037 - INFO - main - Triggering event FOMO rule-based nudge.
2025-07-13 09:59:22,037 - ERROR - main - Resume ML model failed: 'event_fomo_score'
2025-07-13 09:59:22,038 - ERROR - main - Event ML model failed: 'PeerSnapshot' object has no attribute 'batch_attending_events_count'
2025-07-13 09:59:22,038 - INFO - main - Adding fallback nudge.
2025-07-13 09:59:22,039 - INFO - main - Adding fallback nudge.
2025-07-13 10:04:21,844 - INFO - main - Analyzing engagement for user: yuvaraj
2025-07-13 10:04:21,846 - INFO - main - Triggering buddies attending event nudge.
2025-07-13 10:04:21,847 - INFO - main - Triggering peer event attendance rule nudge.
2025-07-13 10:04:21,849 - INFO - main - Triggering event FOMO rule-based nudge.
2025-07-13 10:05:21,960 - INFO - main - Analyzing engagement for user: yuvaraj
2025-07-13 10:05:21,961 - INFO - main - Triggering buddies attending event nudge.
2025-07-13 10:05:21,962 - INFO - main - Triggering event FOMO rule-based nudge.
2025-07-13 10:05:21,962 - ERROR - main - Resume ML model failed: 'event_fomo_score'
2025-07-13 10:05:21,962 - ERROR - main - Event ML model failed: 'PeerSnapshot' object has no attribute 'batch_attending_events_count'
2025-07-13 10:05:21,963 - INFO - main - Adding fallback nudge.
2025-07-13 10:06:51,231 - WARNING - main - Validation error: [{'type': 'list_type', 'loc': ('body', 'user_data', 'profile', 'quiz_history'), 'msg': 'Input should be a valid list', 'input': '2024-03-02'}]
2025-07-13 10:07:10,017 - INFO - watchfiles.main - 1 change detected
2025-07-13 10:07:10,946 - INFO - watchfiles.main - 1 change detected
2025-07-13 10:07:11,362 - INFO - watchfiles.main - 5 changes detected
2025-07-13 10:07:13,103 - INFO - watchfiles.main - 1 change detected
2025-07-13 10:07:14,386 - INFO - watchfiles.main - 1 change detected
2025-07-13 10:07:15,038 - INFO - watchfiles.main - 1 change detected
2025-07-13 10:07:19,930 - INFO - watchfiles.main - 1 change detected
2025-07-13 10:07:20,750 - INFO - watchfiles.main - 5 changes detected
2025-07-13 10:07:22,817 - INFO - watchfiles.main - 1 change detected
2025-07-13 10:07:23,182 - INFO - watchfiles.main - 1 change detected
2025-07-13 10:07:23,541 - INFO - watchfiles.main - 1 change detected
2025-07-13 10:07:23,901 - INFO - watchfiles.main - 1 change detected
2025-07-13 10:07:24,261 - INFO - watchfiles.main - 1 change detected
2025-07-13 10:07:24,626 - INFO - watchfiles.main - 1 change detected
2025-07-13 10:07:24,994 - INFO - watchfiles.main - 1 change detected
2025-07-13 10:07:25,410 - INFO - watchfiles.main - 1 change detected
2025-07-13 10:07:25,819 - INFO - watchfiles.main - 1 change detected
2025-07-13 10:07:26,233 - INFO - watchfiles.main - 1 change detected
2025-07-13 10:07:26,636 - INFO - watchfiles.main - 1 change detected
2025-07-13 10:07:27,048 - INFO - watchfiles.main - 1 change detected
2025-07-13 10:07:27,411 - INFO - watchfiles.main - 1 change detected
2025-07-13 10:07:27,828 - INFO - watchfiles.main - 1 change detected
2025-07-13 10:07:28,241 - INFO - watchfiles.main - 1 change detected
2025-07-13 10:07:28,655 - INFO - watchfiles.main - 1 change detected
2025-07-13 10:07:29,068 - INFO - watchfiles.main - 1 change detected
2025-07-13 10:07:29,478 - INFO - watchfiles.main - 1 change detected
2025-07-13 10:07:29,891 - INFO - watchfiles.main - 1 change detected
2025-07-13 10:07:30,257 - INFO - watchfiles.main - 1 change detected
2025-07-13 10:07:30,666 - INFO - watchfiles.main - 1 change detected
2025-07-13 10:07:31,076 - INFO - watchfiles.main - 1 change detected
2025-07-13 10:07:31,497 - INFO - watchfiles.main - 1 change detected
2025-07-13 10:07:31,848 - INFO - watchfiles.main - 1 change detected
2025-07-13 10:07:32,264 - INFO - watchfiles.main - 1 change detected
2025-07-13 10:07:32,675 - INFO - watchfiles.main - 1 change detected
2025-07-13 10:07:33,293 - INFO - watchfiles.main - 1 change detected
2025-07-13 10:07:33,656 - INFO - watchfiles.main - 1 change detected
2025-07-13 10:07:34,022 - INFO - watchfiles.main - 1 change detected
2025-07-13 10:07:34,424 - INFO - watchfiles.main - 1 change detected
2025-07-13 10:07:34,895 - INFO - watchfiles.main - 1 change detected
2025-07-13 10:07:35,262 - INFO - watchfiles.main - 1 change detected
2025-07-13 10:07:35,681 - INFO - watchfiles.main - 1 change detected
2025-07-13 10:07:36,167 - INFO - watchfiles.main - 1 change detected
2025-07-13 10:07:36,550 - INFO - watchfiles.main - 1 change detected
2025-07-13 10:07:36,962 - INFO - watchfiles.main - 1 change detected
2025-07-13 10:07:37,374 - INFO - watchfiles.main - 1 change detected
2025-07-13 10:07:37,738 - INFO - watchfiles.main - 1 change detected
2025-07-13 10:07:38,140 - INFO - watchfiles.main - 1 change detected
2025-07-13 10:07:38,728 - INFO - watchfiles.main - 1 change detected
2025-07-13 10:07:39,095 - INFO - watchfiles.main - 1 change detected
2025-07-13 10:07:39,929 - INFO - watchfiles.main - 1 change detected
2025-07-13 10:07:40,609 - INFO - watchfiles.main - 1 change detected
2025-07-13 10:07:41,314 - INFO - watchfiles.main - 1 change detected
2025-07-13 10:07:41,693 - INFO - watchfiles.main - 1 change detected
2025-07-13 10:07:42,049 - INFO - watchfiles.main - 1 change detected
2025-07-13 10:07:42,400 - INFO - watchfiles.main - 1 change detected
2025-07-13 10:07:42,816 - INFO - watchfiles.main - 1 change detected
2025-07-13 10:07:43,219 - INFO - watchfiles.main - 1 change detected
2025-07-13 10:07:43,632 - INFO - watchfiles.main - 1 change detected
2025-07-13 10:07:44,048 - INFO - watchfiles.main - 1 change detected
2025-07-13 10:07:44,458 - INFO - watchfiles.main - 1 change detected
2025-07-13 10:07:44,861 - INFO - watchfiles.main - 1 change detected
2025-07-13 10:07:45,269 - INFO - watchfiles.main - 1 change detected
2025-07-13 10:07:45,683 - INFO - watchfiles.main - 1 change detected
2025-07-13 10:07:46,044 - INFO - watchfiles.main - 1 change detected
2025-07-13 10:07:46,479 - INFO - watchfiles.main - 1 change detected
2025-07-13 10:07:46,898 - INFO - watchfiles.main - 1 change detected
2025-07-13 10:07:47,313 - INFO - watchfiles.main - 1 change detected
2025-07-13 10:07:47,719 - INFO - watchfiles.main - 1 change detected
2025-07-13 10:07:48,127 - INFO - watchfiles.main - 1 change detected
2025-07-13 10:07:48,530 - INFO - watchfiles.main - 1 change detected
2025-07-13 10:07:48,941 - INFO - watchfiles.main - 1 change detected
2025-07-13 10:07:49,348 - INFO - watchfiles.main - 1 change detected
2025-07-13 10:07:49,715 - INFO - watchfiles.main - 1 change detected
2025-07-13 10:07:50,132 - INFO - watchfiles.main - 1 change detected
2025-07-13 10:07:50,547 - INFO - watchfiles.main - 1 change detected
2025-07-13 10:07:50,911 - INFO - watchfiles.main - 1 change detected
2025-07-13 10:07:51,321 - INFO - watchfiles.main - 1 change detected
2025-07-13 10:07:51,774 - INFO - watchfiles.main - 1 change detected
2025-07-13 10:07:52,134 - INFO - watchfiles.main - 1 change detected
2025-07-13 10:07:52,536 - INFO - watchfiles.main - 1 change detected
2025-07-13 10:07:52,956 - INFO - watchfiles.main - 1 change detected
2025-07-13 10:07:53,359 - INFO - watchfiles.main - 1 change detected
2025-07-13 10:07:53,772 - INFO - watchfiles.main - 1 change detected
2025-07-13 10:07:54,175 - INFO - watchfiles.main - 1 change detected
2025-07-13 10:07:54,590 - INFO - watchfiles.main - 1 change detected
2025-07-13 10:07:55,002 - INFO - watchfiles.main - 1 change detected
2025-07-13 10:07:55,362 - INFO - watchfiles.main - 1 change detected
2025-07-13 10:07:55,505 - INFO - main - Analyzing engagement for user: stu_7023
2025-07-13 10:07:55,506 - INFO - main - Triggering resume upload rule-based nudge.
2025-07-13 10:07:55,507 - INFO - main - Triggering project-based rule nudge.
2025-07-13 10:07:55,508 - INFO - main - Triggering quiz inactivity rule-based nudge.
2025-07-13 10:07:55,509 - INFO - main - Triggering comeback event nudge.
2025-07-13 10:07:55,510 - INFO - main - Triggering event FOMO rule-based nudge.
2025-07-13 10:07:55,780 - INFO - watchfiles.main - 1 change detected
2025-07-13 10:07:56,189 - INFO - watchfiles.main - 1 change detected
2025-07-13 10:07:56,602 - INFO - watchfiles.main - 1 change detected
2025-07-13 10:07:56,964 - INFO - watchfiles.main - 1 change detected
2025-07-13 10:07:57,391 - INFO - watchfiles.main - 1 change detected
2025-07-13 10:07:57,806 - INFO - watchfiles.main - 1 change detected
2025-07-13 10:07:58,172 - INFO - watchfiles.main - 1 change detected
2025-07-13 10:07:58,581 - INFO - watchfiles.main - 1 change detected
2025-07-13 10:07:58,996 - INFO - watchfiles.main - 1 change detected
2025-07-13 10:07:59,409 - INFO - watchfiles.main - 1 change detected
2025-07-13 10:07:59,826 - INFO - watchfiles.main - 1 change detected
2025-07-13 10:08:00,190 - INFO - watchfiles.main - 1 change detected
2025-07-13 10:08:00,601 - INFO - watchfiles.main - 1 change detected
2025-07-13 10:08:01,010 - INFO - watchfiles.main - 1 change detected
2025-07-13 10:08:01,424 - INFO - watchfiles.main - 1 change detected
2025-07-13 10:08:01,838 - INFO - watchfiles.main - 1 change detected
2025-07-13 10:08:02,204 - INFO - watchfiles.main - 1 change detected
2025-07-13 10:08:02,614 - INFO - watchfiles.main - 1 change detected
2025-07-13 10:08:03,030 - INFO - watchfiles.main - 1 change detected
2025-07-13 10:08:03,394 - INFO - watchfiles.main - 1 change detected
2025-07-13 10:08:03,810 - INFO - watchfiles.main - 1 change detected
2025-07-13 10:08:04,222 - INFO - watchfiles.main - 1 change detected
2025-07-13 10:08:04,637 - INFO - watchfiles.main - 1 change detected
2025-07-13 10:08:05,054 - INFO - watchfiles.main - 1 change detected
2025-07-13 10:08:05,419 - INFO - watchfiles.main - 1 change detected
2025-07-13 10:08:05,830 - INFO - watchfiles.main - 1 change detected
2025-07-13 10:08:06,245 - INFO - watchfiles.main - 1 change detected
2025-07-13 10:08:06,657 - INFO - watchfiles.main - 1 change detected
2025-07-13 10:08:07,071 - INFO - watchfiles.main - 1 change detected
2025-07-13 10:08:07,441 - INFO - watchfiles.main - 1 change detected
2025-07-13 10:08:07,850 - INFO - watchfiles.main - 1 change detected
2025-07-13 10:08:08,261 - INFO - watchfiles.main - 1 change detected
2025-07-13 10:08:08,673 - INFO - watchfiles.main - 1 change detected
2025-07-13 10:08:09,040 - INFO - watchfiles.main - 1 change detected
2025-07-13 10:08:09,457 - INFO - watchfiles.main - 1 change detected
2025-07-13 10:08:09,870 - INFO - watchfiles.main - 1 change detected
2025-07-13 10:08:10,278 - INFO - watchfiles.main - 1 change detected
2025-07-13 10:08:10,691 - INFO - watchfiles.main - 1 change detected
2025-07-13 10:08:11,108 - INFO - watchfiles.main - 1 change detected
2025-07-13 10:08:11,536 - INFO - watchfiles.main - 1 change detected
2025-07-13 10:08:11,900 - INFO - watchfiles.main - 1 change detected
2025-07-13 10:08:12,321 - INFO - watchfiles.main - 1 change detected
2025-07-13 10:08:12,726 - INFO - watchfiles.main - 1 change detected
2025-07-13 10:08:13,135 - INFO - watchfiles.main - 1 change detected
2025-07-13 10:08:13,551 - INFO - watchfiles.main - 1 change detected
2025-07-13 10:08:13,921 - INFO - watchfiles.main - 1 change detected
2025-07-13 10:08:14,336 - INFO - watchfiles.main - 1 change detected
2025-07-13 10:08:14,743 - INFO - watchfiles.main - 1 change detected
2025-07-13 10:08:15,159 - INFO - watchfiles.main - 1 change detected
2025-07-13 10:08:15,523 - INFO - watchfiles.main - 1 change detected
2025-07-13 10:08:15,939 - INFO - watchfiles.main - 1 change detected
2025-07-13 10:08:16,353 - INFO - watchfiles.main - 1 change detected
2025-07-13 10:08:16,768 - INFO - watchfiles.main - 1 change detected
2025-07-13 10:08:17,186 - INFO - watchfiles.main - 1 change detected
2025-07-13 10:08:17,541 - INFO - watchfiles.main - 1 change detected
2025-07-13 10:08:17,958 - INFO - watchfiles.main - 1 change detected
2025-07-13 10:08:18,372 - INFO - watchfiles.main - 1 change detected
2025-07-13 10:08:18,790 - INFO - watchfiles.main - 1 change detected
2025-07-13 10:08:19,143 - INFO - watchfiles.main - 1 change detected
2025-07-13 10:08:19,562 - INFO - watchfiles.main - 1 change detected
2025-07-13 10:08:19,974 - INFO - watchfiles.main - 1 change detected
2025-07-13 10:08:20,387 - INFO - watchfiles.main - 1 change detected
2025-07-13 10:08:20,747 - INFO - watchfiles.main - 1 change detected
2025-07-13 10:08:21,165 - INFO - watchfiles.main - 1 change detected
2025-07-13 10:08:21,582 - INFO - watchfiles.main - 1 change detected
2025-07-13 10:08:21,991 - INFO - watchfiles.main - 1 change detected
2025-07-13 10:08:22,404 - INFO - watchfiles.main - 1 change detected
2025-07-13 10:08:22,819 - INFO - watchfiles.main - 1 change detected
2025-07-13 10:08:23,177 - INFO - watchfiles.main - 1 change detected
2025-07-13 10:08:23,593 - INFO - watchfiles.main - 1 change detected
2025-07-13 10:08:24,006 - INFO - watchfiles.main - 1 change detected
2025-07-13 10:08:24,419 - INFO - watchfiles.main - 1 change detected
2025-07-13 10:08:24,783 - INFO - watchfiles.main - 1 change detected
2025-07-13 10:08:25,195 - INFO - watchfiles.main - 1 change detected
2025-07-13 10:08:25,609 - INFO - watchfiles.main - 1 change detected
2025-07-13 10:08:25,973 - INFO - watchfiles.main - 1 change detected
2025-07-13 10:08:26,387 - INFO - watchfiles.main - 1 change detected
2025-07-13 10:08:26,588 - INFO - main - Analyzing engagement for user: yuvaraj
2025-07-13 10:08:26,591 - INFO - main - Triggering quiz inactivity rule-based nudge.
2025-07-13 10:08:26,591 - INFO - main - Triggering comeback event nudge.
2025-07-13 10:08:26,592 - INFO - main - Triggering event FOMO rule-based nudge.
2025-07-13 10:08:26,801 - INFO - watchfiles.main - 1 change detected
2025-07-13 10:08:27,212 - INFO - watchfiles.main - 1 change detected
2025-07-13 10:08:27,622 - INFO - watchfiles.main - 1 change detected
2025-07-13 10:08:28,035 - INFO - watchfiles.main - 1 change detected
2025-07-13 10:08:28,601 - INFO - watchfiles.main - 1 change detected
2025-07-13 10:08:28,957 - INFO - watchfiles.main - 1 change detected
2025-07-13 10:08:29,370 - INFO - watchfiles.main - 1 change detected
2025-07-13 10:08:29,786 - INFO - watchfiles.main - 1 change detected
2025-07-13 10:08:30,152 - INFO - watchfiles.main - 1 change detected
2025-07-13 10:08:30,569 - INFO - watchfiles.main - 1 change detected
2025-07-13 10:08:30,978 - INFO - watchfiles.main - 1 change detected
2025-07-13 10:08:31,341 - INFO - watchfiles.main - 1 change detected
2025-07-13 10:08:31,759 - INFO - watchfiles.main - 1 change detected
2025-07-13 10:08:32,171 - INFO - watchfiles.main - 1 change detected
2025-07-13 10:08:32,585 - INFO - watchfiles.main - 1 change detected
2025-07-13 10:08:33,007 - INFO - watchfiles.main - 1 change detected
2025-07-13 10:08:33,422 - INFO - watchfiles.main - 1 change detected
2025-07-13 10:08:33,774 - INFO - watchfiles.main - 1 change detected
2025-07-13 10:08:34,192 - INFO - watchfiles.main - 1 change detected
2025-07-13 10:08:34,594 - INFO - watchfiles.main - 1 change detected
2025-07-13 10:08:35,008 - INFO - watchfiles.main - 1 change detected
2025-07-13 10:08:35,369 - INFO - watchfiles.main - 1 change detected
2025-07-13 10:08:35,785 - INFO - watchfiles.main - 1 change detected
2025-07-13 10:08:36,208 - INFO - watchfiles.main - 1 change detected
2025-07-13 10:08:36,633 - INFO - watchfiles.main - 1 change detected
2025-07-13 10:08:36,991 - INFO - watchfiles.main - 1 change detected
2025-07-13 10:08:37,393 - INFO - watchfiles.main - 1 change detected
2025-07-13 10:08:37,807 - INFO - watchfiles.main - 1 change detected
2025-07-13 10:08:38,270 - INFO - watchfiles.main - 1 change detected
2025-07-13 10:08:38,681 - INFO - watchfiles.main - 1 change detected
2025-07-13 10:08:39,046 - INFO - watchfiles.main - 1 change detected
2025-07-13 10:08:39,501 - INFO - watchfiles.main - 1 change detected
2025-07-13 10:08:39,870 - INFO - watchfiles.main - 1 change detected
2025-07-13 10:08:40,305 - INFO - watchfiles.main - 1 change detected
2025-07-13 10:08:40,682 - INFO - watchfiles.main - 1 change detected
2025-07-13 10:08:41,108 - INFO - watchfiles.main - 1 change detected
2025-07-13 10:08:41,523 - INFO - watchfiles.main - 1 change detected
2025-07-13 10:08:41,934 - INFO - watchfiles.main - 1 change detected
2025-07-13 10:08:42,297 - INFO - watchfiles.main - 1 change detected
2025-07-13 10:08:42,711 - INFO - watchfiles.main - 1 change detected
2025-07-13 10:08:43,147 - INFO - watchfiles.main - 1 change detected
2025-07-13 10:08:43,556 - INFO - watchfiles.main - 1 change detected
2025-07-13 10:08:43,921 - INFO - watchfiles.main - 1 change detected
2025-07-13 10:08:44,337 - INFO - watchfiles.main - 1 change detected
2025-07-13 10:08:44,751 - INFO - watchfiles.main - 1 change detected
2025-07-13 10:08:45,129 - INFO - watchfiles.main - 1 change detected
2025-07-13 10:08:45,532 - INFO - watchfiles.main - 1 change detected
2025-07-13 10:08:45,948 - INFO - watchfiles.main - 1 change detected
2025-07-13 10:08:46,361 - INFO - watchfiles.main - 1 change detected
2025-07-13 10:08:46,785 - INFO - watchfiles.main - 1 change detected
2025-07-13 10:08:47,151 - INFO - watchfiles.main - 1 change detected
2025-07-13 10:08:47,566 - INFO - watchfiles.main - 1 change detected
2025-07-13 10:08:47,932 - INFO - watchfiles.main - 1 change detected
2025-07-13 10:08:48,350 - INFO - watchfiles.main - 1 change detected
2025-07-13 10:08:48,765 - INFO - watchfiles.main - 1 change detected
2025-07-13 10:08:49,178 - INFO - watchfiles.main - 1 change detected
2025-07-13 10:08:49,591 - INFO - watchfiles.main - 1 change detected
2025-07-13 10:08:50,008 - INFO - watchfiles.main - 1 change detected
2025-07-13 10:08:50,397 - INFO - watchfiles.main - 1 change detected
2025-07-13 10:08:50,823 - INFO - watchfiles.main - 1 change detected
2025-07-13 10:08:51,233 - INFO - watchfiles.main - 1 change detected
2025-07-13 10:08:51,649 - INFO - watchfiles.main - 1 change detected
2025-07-13 10:08:52,027 - INFO - watchfiles.main - 1 change detected
2025-07-13 10:08:52,438 - INFO - watchfiles.main - 1 change detected
2025-07-13 10:08:52,865 - INFO - watchfiles.main - 1 change detected
2025-07-13 10:08:53,229 - INFO - watchfiles.main - 1 change detected
2025-07-13 10:08:53,623 - INFO - watchfiles.main - 1 change detected
2025-07-13 10:08:54,027 - INFO - watchfiles.main - 1 change detected
2025-07-13 10:08:54,441 - INFO - watchfiles.main - 1 change detected
2025-07-13 10:08:54,858 - INFO - watchfiles.main - 1 change detected
2025-07-13 10:08:55,268 - INFO - watchfiles.main - 1 change detected
2025-07-13 10:08:55,676 - INFO - watchfiles.main - 1 change detected
2025-07-13 10:08:56,078 - INFO - watchfiles.main - 1 change detected
2025-07-13 10:08:56,497 - INFO - watchfiles.main - 1 change detected
2025-07-13 10:08:56,862 - INFO - watchfiles.main - 1 change detected
2025-07-13 10:08:57,266 - INFO - watchfiles.main - 1 change detected
2025-07-13 10:08:57,680 - INFO - watchfiles.main - 1 change detected
2025-07-13 10:08:58,093 - INFO - watchfiles.main - 1 change detected
2025-07-13 10:08:58,457 - INFO - watchfiles.main - 1 change detected
2025-07-13 10:08:58,878 - INFO - watchfiles.main - 1 change detected
2025-07-13 10:08:59,291 - INFO - watchfiles.main - 1 change detected
2025-07-13 10:08:59,659 - INFO - watchfiles.main - 1 change detected
2025-07-13 10:09:00,077 - INFO - watchfiles.main - 1 change detected
2025-07-13 10:09:00,493 - INFO - watchfiles.main - 1 change detected
2025-07-13 10:09:00,859 - INFO - watchfiles.main - 1 change detected
2025-07-13 10:09:01,262 - INFO - watchfiles.main - 1 change detected
2025-07-13 10:09:01,679 - INFO - watchfiles.main - 1 change detected
2025-07-13 10:09:02,093 - INFO - watchfiles.main - 1 change detected
2025-07-13 10:09:02,455 - INFO - watchfiles.main - 1 change detected
2025-07-13 10:09:02,873 - INFO - watchfiles.main - 1 change detected
2025-07-13 10:09:03,286 - INFO - watchfiles.main - 1 change detected
2025-07-13 10:09:03,664 - INFO - watchfiles.main - 1 change detected
2025-07-13 10:09:04,068 - INFO - watchfiles.main - 1 change detected
2025-07-13 10:09:04,478 - INFO - watchfiles.main - 1 change detected
2025-07-13 10:09:04,893 - INFO - watchfiles.main - 1 change detected
2025-07-13 10:09:05,304 - INFO - watchfiles.main - 1 change detected
2025-07-13 10:09:05,716 - INFO - watchfiles.main - 1 change detected
2025-07-13 10:09:06,124 - INFO - watchfiles.main - 1 change detected
2025-07-13 10:09:06,537 - INFO - watchfiles.main - 1 change detected
2025-07-13 10:09:06,934 - INFO - watchfiles.main - 1 change detected
2025-07-13 10:09:07,397 - INFO - watchfiles.main - 1 change detected
2025-07-13 10:09:07,814 - INFO - watchfiles.main - 1 change detected
2025-07-13 10:09:08,241 - INFO - watchfiles.main - 1 change detected
2025-07-13 10:09:08,651 - INFO - watchfiles.main - 1 change detected
2025-07-13 10:09:09,014 - INFO - watchfiles.main - 1 change detected
2025-07-13 10:09:09,432 - INFO - watchfiles.main - 1 change detected
2025-07-13 10:09:09,839 - INFO - watchfiles.main - 1 change detected
2025-07-13 10:09:10,252 - INFO - watchfiles.main - 1 change detected
2025-07-13 10:09:10,667 - INFO - watchfiles.main - 1 change detected
2025-07-13 10:09:12,123 - INFO - watchfiles.main - 1 change detected
2025-07-13 10:09:12,486 - INFO - watchfiles.main - 1 change detected
2025-07-13 10:09:12,851 - INFO - watchfiles.main - 1 change detected
2025-07-13 10:09:13,266 - INFO - watchfiles.main - 1 change detected
2025-07-13 10:09:13,631 - INFO - watchfiles.main - 1 change detected
2025-07-13 10:09:14,047 - INFO - watchfiles.main - 1 change detected
2025-07-13 10:09:14,462 - INFO - watchfiles.main - 1 change detected
2025-07-13 10:09:14,821 - INFO - watchfiles.main - 1 change detected
2025-07-13 10:09:15,229 - INFO - watchfiles.main - 1 change detected
2025-07-13 10:09:15,636 - INFO - watchfiles.main - 1 change detected
2025-07-13 10:09:16,053 - INFO - watchfiles.main - 1 change detected
2025-07-13 10:09:16,460 - INFO - watchfiles.main - 1 change detected
2025-07-13 10:09:16,831 - INFO - watchfiles.main - 1 change detected
2025-07-13 10:09:17,236 - INFO - watchfiles.main - 1 change detected
2025-07-13 10:09:17,649 - INFO - watchfiles.main - 1 change detected
2025-07-13 10:09:18,063 - INFO - watchfiles.main - 1 change detected
2025-07-13 10:09:18,429 - INFO - watchfiles.main - 1 change detected
2025-07-13 10:09:18,845 - INFO - watchfiles.main - 1 change detected
2025-07-13 10:09:19,255 - INFO - watchfiles.main - 1 change detected
2025-07-13 10:09:19,620 - INFO - watchfiles.main - 1 change detected
2025-07-13 10:09:20,035 - INFO - watchfiles.main - 1 change detected
2025-07-13 10:09:20,456 - INFO - watchfiles.main - 1 change detected
2025-07-13 10:09:20,874 - INFO - watchfiles.main - 1 change detected
2025-07-13 10:09:21,265 - INFO - watchfiles.main - 1 change detected
2025-07-13 10:09:21,682 - INFO - watchfiles.main - 1 change detected
2025-07-13 10:09:22,095 - INFO - watchfiles.main - 1 change detected
2025-07-13 10:09:22,456 - INFO - watchfiles.main - 1 change detected
2025-07-13 10:09:22,670 - INFO - main - Analyzing engagement for user: yuvaraj
2025-07-13 10:09:22,671 - INFO - main - Triggering quiz inactivity rule-based nudge.
2025-07-13 10:09:22,672 - INFO - main - Triggering comeback event nudge.
2025-07-13 10:09:22,673 - INFO - main - Triggering event FOMO rule-based nudge.
2025-07-13 10:09:22,863 - INFO - watchfiles.main - 1 change detected
2025-07-13 10:09:23,270 - INFO - watchfiles.main - 1 change detected
2025-07-13 10:09:23,638 - INFO - watchfiles.main - 1 change detected
2025-07-13 10:09:24,122 - INFO - watchfiles.main - 1 change detected
2025-07-13 10:09:24,529 - INFO - watchfiles.main - 1 change detected
2025-07-13 10:09:24,893 - INFO - watchfiles.main - 1 change detected
2025-07-13 10:09:25,310 - INFO - watchfiles.main - 1 change detected
2025-07-13 10:09:25,670 - INFO - watchfiles.main - 1 change detected
2025-07-13 10:09:26,094 - INFO - watchfiles.main - 1 change detected
2025-07-13 10:09:26,500 - INFO - watchfiles.main - 1 change detected
2025-07-13 10:09:26,917 - INFO - watchfiles.main - 1 change detected
2025-07-13 10:09:27,333 - INFO - watchfiles.main - 1 change detected
2025-07-13 10:09:27,695 - INFO - watchfiles.main - 1 change detected
2025-07-13 10:09:28,130 - INFO - watchfiles.main - 1 change detected
2025-07-13 10:09:28,878 - INFO - watchfiles.main - 1 change detected
2025-07-13 10:09:29,230 - INFO - watchfiles.main - 1 change detected
2025-07-13 10:09:29,593 - INFO - watchfiles.main - 1 change detected
2025-07-13 10:09:30,009 - INFO - watchfiles.main - 1 change detected
2025-07-13 10:09:30,418 - INFO - watchfiles.main - 1 change detected
2025-07-13 10:09:30,830 - INFO - watchfiles.main - 1 change detected
2025-07-13 10:09:31,193 - INFO - watchfiles.main - 1 change detected
2025-07-13 10:09:31,607 - INFO - watchfiles.main - 1 change detected
2025-07-13 10:09:32,020 - INFO - watchfiles.main - 1 change detected
2025-07-13 10:09:32,431 - INFO - watchfiles.main - 1 change detected
2025-07-13 10:09:32,842 - INFO - watchfiles.main - 1 change detected
2025-07-13 10:09:33,208 - INFO - watchfiles.main - 1 change detected
2025-07-13 10:09:33,628 - INFO - watchfiles.main - 1 change detected
2025-07-13 10:09:34,034 - INFO - watchfiles.main - 1 change detected
2025-07-13 10:09:34,448 - INFO - watchfiles.main - 1 change detected
2025-07-13 10:09:34,814 - INFO - watchfiles.main - 1 change detected
2025-07-13 10:09:35,231 - INFO - watchfiles.main - 1 change detected
2025-07-13 10:09:35,639 - INFO - watchfiles.main - 1 change detected
2025-07-13 10:09:36,051 - INFO - watchfiles.main - 1 change detected
2025-07-13 10:09:36,462 - INFO - watchfiles.main - 1 change detected
2025-07-13 10:09:36,876 - INFO - watchfiles.main - 1 change detected
2025-07-13 10:09:37,291 - INFO - watchfiles.main - 1 change detected
2025-07-13 10:09:37,651 - INFO - watchfiles.main - 1 change detected
2025-07-13 10:09:38,066 - INFO - watchfiles.main - 1 change detected
2025-07-13 10:09:38,527 - INFO - watchfiles.main - 1 change detected
2025-07-13 10:09:38,940 - INFO - watchfiles.main - 1 change detected
2025-07-13 10:09:39,353 - INFO - watchfiles.main - 1 change detected
2025-07-13 10:09:39,719 - INFO - watchfiles.main - 1 change detected
2025-07-13 10:09:40,123 - INFO - watchfiles.main - 1 change detected
2025-07-13 10:09:40,539 - INFO - watchfiles.main - 1 change detected
2025-07-13 10:09:40,949 - INFO - watchfiles.main - 1 change detected
2025-07-13 10:09:41,314 - INFO - watchfiles.main - 1 change detected
2025-07-13 10:09:41,799 - INFO - watchfiles.main - 1 change detected
2025-07-13 10:09:42,184 - INFO - watchfiles.main - 1 change detected
2025-07-13 10:09:42,599 - INFO - watchfiles.main - 1 change detected
2025-07-13 10:09:43,019 - INFO - watchfiles.main - 1 change detected
2025-07-13 10:09:43,436 - INFO - watchfiles.main - 1 change detected
2025-07-13 10:09:43,798 - INFO - watchfiles.main - 1 change detected
2025-07-13 10:09:44,213 - INFO - watchfiles.main - 1 change detected
2025-07-13 10:09:44,625 - INFO - watchfiles.main - 1 change detected
2025-07-13 10:09:45,038 - INFO - watchfiles.main - 1 change detected
2025-07-13 10:09:45,401 - INFO - watchfiles.main - 1 change detected
2025-07-13 10:09:45,866 - INFO - watchfiles.main - 1 change detected
2025-07-13 10:09:46,279 - INFO - watchfiles.main - 1 change detected
2025-07-13 10:09:46,644 - INFO - watchfiles.main - 1 change detected
2025-07-13 10:09:47,060 - INFO - watchfiles.main - 1 change detected
2025-07-13 10:09:47,522 - INFO - watchfiles.main - 1 change detected
2025-07-13 10:09:47,930 - INFO - watchfiles.main - 1 change detected
2025-07-13 10:09:48,294 - INFO - watchfiles.main - 1 change detected
2025-07-13 10:09:48,712 - INFO - watchfiles.main - 1 change detected
2025-07-13 10:09:49,125 - INFO - watchfiles.main - 1 change detected
2025-07-13 10:09:49,540 - INFO - watchfiles.main - 1 change detected
2025-07-13 10:09:49,946 - INFO - watchfiles.main - 1 change detected
2025-07-13 10:09:50,359 - INFO - watchfiles.main - 1 change detected
2025-07-13 10:09:50,720 - INFO - watchfiles.main - 1 change detected
2025-07-13 10:09:51,286 - INFO - watchfiles.main - 1 change detected
2025-07-13 10:09:51,704 - INFO - watchfiles.main - 1 change detected
2025-07-13 10:09:52,128 - INFO - watchfiles.main - 1 change detected
2025-07-13 10:09:52,542 - INFO - watchfiles.main - 1 change detected
2025-07-13 10:09:52,961 - INFO - watchfiles.main - 1 change detected
2025-07-13 10:09:53,364 - INFO - watchfiles.main - 1 change detected
2025-07-13 10:09:53,775 - INFO - watchfiles.main - 1 change detected
2025-07-13 10:09:54,190 - INFO - watchfiles.main - 1 change detected
2025-07-13 10:09:54,606 - INFO - watchfiles.main - 1 change detected
2025-07-13 10:09:54,965 - INFO - watchfiles.main - 1 change detected
2025-07-13 10:09:55,382 - INFO - watchfiles.main - 1 change detected
2025-07-13 10:09:55,794 - INFO - watchfiles.main - 1 change detected
2025-07-13 10:09:56,208 - INFO - watchfiles.main - 1 change detected
2025-07-13 10:09:56,568 - INFO - watchfiles.main - 1 change detected
2025-07-13 10:09:56,986 - INFO - watchfiles.main - 1 change detected
2025-07-13 10:09:57,399 - INFO - watchfiles.main - 1 change detected
2025-07-13 10:09:57,760 - INFO - watchfiles.main - 1 change detected
2025-07-13 10:09:58,175 - INFO - watchfiles.main - 1 change detected
2025-07-13 10:09:58,595 - INFO - watchfiles.main - 1 change detected
2025-07-13 10:09:58,999 - INFO - watchfiles.main - 1 change detected
2025-07-13 10:09:59,360 - INFO - watchfiles.main - 1 change detected
2025-07-13 10:09:59,779 - INFO - watchfiles.main - 1 change detected
2025-07-13 10:10:00,207 - INFO - watchfiles.main - 1 change detected
2025-07-13 10:10:00,615 - INFO - watchfiles.main - 1 change detected
2025-07-13 10:10:01,041 - INFO - watchfiles.main - 1 change detected
2025-07-13 10:10:01,574 - INFO - watchfiles.main - 1 change detected
2025-07-13 10:10:01,983 - INFO - watchfiles.main - 1 change detected
2025-07-13 10:10:02,448 - INFO - watchfiles.main - 1 change detected
2025-07-13 10:10:02,859 - INFO - watchfiles.main - 1 change detected
2025-07-13 10:10:03,277 - INFO - watchfiles.main - 1 change detected
2025-07-13 10:10:03,639 - INFO - watchfiles.main - 1 change detected
2025-07-13 10:10:04,256 - INFO - watchfiles.main - 1 change detected
2025-07-13 10:10:04,620 - INFO - watchfiles.main - 1 change detected
2025-07-13 10:10:05,037 - INFO - watchfiles.main - 1 change detected
2025-07-13 10:10:05,448 - INFO - watchfiles.main - 1 change detected
2025-07-13 10:10:05,874 - INFO - watchfiles.main - 1 change detected
2025-07-13 10:10:06,286 - INFO - watchfiles.main - 1 change detected
2025-07-13 10:10:06,746 - INFO - watchfiles.main - 1 change detected
2025-07-13 10:10:07,156 - INFO - watchfiles.main - 1 change detected
2025-07-13 10:10:07,558 - INFO - watchfiles.main - 1 change detected
2025-07-13 10:10:07,965 - INFO - watchfiles.main - 1 change detected
2025-07-13 10:10:08,385 - INFO - watchfiles.main - 1 change detected
2025-07-13 10:10:08,794 - INFO - watchfiles.main - 1 change detected
2025-07-13 10:10:09,197 - INFO - watchfiles.main - 1 change detected
2025-07-13 10:10:09,614 - INFO - watchfiles.main - 1 change detected
2025-07-13 10:10:09,974 - INFO - watchfiles.main - 1 change detected
2025-07-13 10:10:10,384 - INFO - watchfiles.main - 1 change detected
2025-07-13 10:10:10,795 - INFO - watchfiles.main - 1 change detected
2025-07-13 10:10:11,211 - INFO - watchfiles.main - 1 change detected
2025-07-13 10:10:11,681 - INFO - watchfiles.main - 1 change detected
2025-07-13 10:10:12,050 - INFO - watchfiles.main - 1 change detected
2025-07-13 10:10:12,461 - INFO - watchfiles.main - 1 change detected
2025-07-13 10:10:12,878 - INFO - watchfiles.main - 1 change detected
2025-07-13 10:10:13,283 - INFO - watchfiles.main - 1 change detected
2025-07-13 10:10:13,693 - INFO - watchfiles.main - 1 change detected
2025-07-13 10:10:14,057 - INFO - watchfiles.main - 1 change detected
2025-07-13 10:10:14,469 - INFO - watchfiles.main - 1 change detected
2025-07-13 10:10:14,871 - INFO - watchfiles.main - 1 change detected
2025-07-13 10:10:15,277 - INFO - watchfiles.main - 1 change detected
2025-07-13 10:10:15,688 - INFO - watchfiles.main - 1 change detected
2025-07-13 10:10:16,092 - INFO - watchfiles.main - 1 change detected
2025-07-13 10:10:16,445 - INFO - watchfiles.main - 1 change detected
2025-07-13 10:10:16,855 - INFO - watchfiles.main - 1 change detected
2025-07-13 10:10:17,271 - INFO - watchfiles.main - 1 change detected
2025-07-13 10:10:17,706 - INFO - watchfiles.main - 1 change detected
2025-07-13 10:10:18,058 - INFO - watchfiles.main - 1 change detected
2025-07-13 10:10:18,460 - INFO - watchfiles.main - 1 change detected
2025-07-13 10:10:18,870 - INFO - watchfiles.main - 1 change detected
2025-07-13 10:10:19,280 - INFO - watchfiles.main - 1 change detected
2025-07-13 10:10:19,687 - INFO - watchfiles.main - 1 change detected
2025-07-13 10:10:20,104 - INFO - watchfiles.main - 1 change detected
2025-07-13 10:10:20,507 - INFO - watchfiles.main - 1 change detected
2025-07-13 10:10:20,910 - INFO - watchfiles.main - 1 change detected
2025-07-13 10:10:21,337 - INFO - watchfiles.main - 1 change detected
2025-07-13 10:10:21,758 - INFO - watchfiles.main - 1 change detected
2025-07-13 10:10:22,164 - INFO - watchfiles.main - 1 change detected
2025-07-13 10:10:22,577 - INFO - watchfiles.main - 1 change detected
2025-07-13 10:10:22,938 - INFO - watchfiles.main - 1 change detected
2025-07-13 10:10:23,353 - INFO - watchfiles.main - 1 change detected
2025-07-13 10:10:23,762 - INFO - watchfiles.main - 1 change detected
2025-07-13 10:10:24,168 - INFO - watchfiles.main - 1 change detected
2025-07-13 10:10:24,587 - INFO - watchfiles.main - 1 change detected
2025-07-13 10:10:24,996 - INFO - watchfiles.main - 1 change detected
2025-07-13 10:10:25,407 - INFO - watchfiles.main - 1 change detected
2025-07-13 10:10:25,827 - INFO - watchfiles.main - 1 change detected
2025-07-13 10:10:26,188 - INFO - watchfiles.main - 1 change detected
2025-07-13 10:10:26,595 - INFO - watchfiles.main - 1 change detected
2025-07-13 10:10:26,998 - INFO - watchfiles.main - 1 change detected
2025-07-13 10:10:27,424 - INFO - watchfiles.main - 1 change detected
2025-07-13 10:10:27,840 - INFO - watchfiles.main - 1 change detected
2025-07-13 10:10:28,243 - INFO - watchfiles.main - 1 change detected
2025-07-13 10:10:28,652 - INFO - watchfiles.main - 1 change detected
2025-07-13 10:10:29,062 - INFO - watchfiles.main - 1 change detected
2025-07-13 10:10:29,473 - INFO - watchfiles.main - 1 change detected
2025-07-13 10:10:29,883 - INFO - watchfiles.main - 1 change detected
2025-07-13 10:10:30,242 - INFO - watchfiles.main - 1 change detected
2025-07-13 10:10:30,655 - INFO - watchfiles.main - 1 change detected
2025-07-13 10:10:31,064 - INFO - watchfiles.main - 1 change detected
2025-07-13 10:10:31,474 - INFO - watchfiles.main - 1 change detected
2025-07-13 10:10:31,876 - INFO - watchfiles.main - 1 change detected
2025-07-13 10:10:32,277 - INFO - watchfiles.main - 1 change detected
2025-07-13 10:10:32,686 - INFO - watchfiles.main - 1 change detected
2025-07-13 10:10:33,097 - INFO - watchfiles.main - 1 change detected
2025-07-13 10:10:33,510 - INFO - watchfiles.main - 1 change detected
2025-07-13 10:10:33,871 - INFO - watchfiles.main - 1 change detected
2025-07-13 10:10:34,282 - INFO - watchfiles.main - 1 change detected
2025-07-13 10:10:34,695 - INFO - watchfiles.main - 1 change detected
2025-07-13 10:10:35,102 - INFO - watchfiles.main - 1 change detected
2025-07-13 10:10:35,511 - INFO - watchfiles.main - 1 change detected
2025-07-13 10:10:35,918 - INFO - watchfiles.main - 1 change detected
2025-07-13 10:10:36,294 - INFO - watchfiles.main - 1 change detected
2025-07-13 10:10:36,713 - INFO - watchfiles.main - 1 change detected
2025-07-13 10:10:37,125 - INFO - watchfiles.main - 1 change detected
2025-07-13 10:10:37,487 - INFO - watchfiles.main - 1 change detected
2025-07-13 10:10:37,892 - INFO - watchfiles.main - 1 change detected
2025-07-13 10:10:38,295 - INFO - watchfiles.main - 1 change detected
2025-07-13 10:10:38,701 - INFO - watchfiles.main - 1 change detected
2025-07-13 10:10:39,106 - INFO - watchfiles.main - 1 change detected
2025-07-13 10:10:39,524 - INFO - watchfiles.main - 1 change detected
2025-07-13 10:10:39,940 - INFO - watchfiles.main - 1 change detected
2025-07-13 10:10:40,344 - INFO - watchfiles.main - 1 change detected
2025-07-13 10:10:40,760 - INFO - watchfiles.main - 1 change detected
2025-07-13 10:10:41,174 - INFO - watchfiles.main - 1 change detected
2025-07-13 10:10:41,589 - INFO - watchfiles.main - 1 change detected
2025-07-13 10:10:42,000 - INFO - watchfiles.main - 1 change detected
2025-07-13 10:10:42,408 - INFO - watchfiles.main - 1 change detected
2025-07-13 10:10:42,823 - INFO - watchfiles.main - 1 change detected
2025-07-13 10:10:43,225 - INFO - watchfiles.main - 1 change detected
2025-07-13 10:10:43,628 - INFO - watchfiles.main - 1 change detected
2025-07-13 10:10:44,068 - INFO - watchfiles.main - 1 change detected
2025-07-13 10:10:44,482 - INFO - watchfiles.main - 1 change detected
2025-07-13 10:10:44,890 - INFO - watchfiles.main - 1 change detected
2025-07-13 10:10:45,309 - INFO - watchfiles.main - 1 change detected
2025-07-13 10:10:45,721 - INFO - watchfiles.main - 1 change detected
2025-07-13 10:10:46,136 - INFO - watchfiles.main - 1 change detected
2025-07-13 10:10:46,503 - INFO - watchfiles.main - 1 change detected
2025-07-13 10:10:46,910 - INFO - watchfiles.main - 1 change detected
2025-07-13 10:10:47,322 - INFO - watchfiles.main - 1 change detected
2025-07-13 10:10:47,718 - INFO - watchfiles.main - 1 change detected
2025-07-13 10:10:48,129 - INFO - watchfiles.main - 1 change detected
2025-07-13 10:10:48,559 - INFO - watchfiles.main - 1 change detected
2025-07-13 10:10:48,940 - INFO - watchfiles.main - 1 change detected
2025-07-13 10:10:49,357 - INFO - watchfiles.main - 1 change detected
2025-07-13 10:10:49,770 - INFO - watchfiles.main - 1 change detected
2025-07-13 10:10:50,187 - INFO - watchfiles.main - 1 change detected
2025-07-13 10:10:50,594 - INFO - watchfiles.main - 1 change detected
2025-07-13 10:10:51,009 - INFO - watchfiles.main - 1 change detected
2025-07-13 10:10:51,427 - INFO - watchfiles.main - 1 change detected
2025-07-13 10:10:51,838 - INFO - watchfiles.main - 1 change detected
2025-07-13 10:10:52,253 - INFO - watchfiles.main - 1 change detected
2025-07-13 10:10:52,663 - INFO - watchfiles.main - 1 change detected
2025-07-13 10:10:53,071 - INFO - watchfiles.main - 1 change detected
2025-07-13 10:10:53,485 - INFO - watchfiles.main - 1 change detected
2025-07-13 10:10:53,896 - INFO - watchfiles.main - 1 change detected
2025-07-13 10:10:54,302 - INFO - watchfiles.main - 1 change detected
2025-07-13 10:10:54,709 - INFO - watchfiles.main - 1 change detected
2025-07-13 10:10:55,118 - INFO - watchfiles.main - 1 change detected
2025-07-13 10:10:55,523 - INFO - watchfiles.main - 1 change detected
2025-07-13 10:10:55,927 - INFO - watchfiles.main - 1 change detected
2025-07-13 10:10:56,344 - INFO - watchfiles.main - 1 change detected
2025-07-13 10:10:56,706 - INFO - watchfiles.main - 1 change detected
2025-07-13 10:10:57,168 - INFO - watchfiles.main - 1 change detected
2025-07-13 10:10:57,579 - INFO - watchfiles.main - 1 change detected
2025-07-13 10:10:57,942 - INFO - watchfiles.main - 1 change detected
2025-07-13 10:10:58,360 - INFO - watchfiles.main - 1 change detected
2025-07-13 10:10:58,768 - INFO - watchfiles.main - 1 change detected
2025-07-13 10:10:59,175 - INFO - watchfiles.main - 1 change detected
2025-07-13 10:10:59,544 - INFO - watchfiles.main - 1 change detected
2025-07-13 10:11:00,009 - INFO - watchfiles.main - 1 change detected
2025-07-13 10:11:00,375 - INFO - watchfiles.main - 1 change detected
2025-07-13 10:11:00,856 - INFO - watchfiles.main - 1 change detected
2025-07-13 10:11:01,221 - INFO - watchfiles.main - 1 change detected
2025-07-13 10:11:01,674 - INFO - watchfiles.main - 1 change detected
2025-07-13 10:11:02,081 - INFO - watchfiles.main - 1 change detected
2025-07-13 10:11:02,444 - INFO - watchfiles.main - 1 change detected
2025-07-13 10:11:02,854 - INFO - watchfiles.main - 1 change detected
2025-07-13 10:11:03,261 - INFO - watchfiles.main - 1 change detected
2025-07-13 10:11:03,673 - INFO - watchfiles.main - 1 change detected
2025-07-13 10:11:04,130 - INFO - watchfiles.main - 1 change detected
2025-07-13 10:11:04,545 - INFO - watchfiles.main - 1 change detected
2025-07-13 10:11:04,956 - INFO - watchfiles.main - 1 change detected
2025-07-13 10:11:05,359 - INFO - watchfiles.main - 1 change detected
2025-07-13 10:11:05,719 - INFO - watchfiles.main - 1 change detected
2025-07-13 10:11:06,130 - INFO - watchfiles.main - 1 change detected
2025-07-13 10:11:06,543 - INFO - watchfiles.main - 1 change detected
2025-07-13 10:11:07,015 - INFO - watchfiles.main - 1 change detected
2025-07-13 10:11:07,374 - INFO - watchfiles.main - 1 change detected
2025-07-13 10:11:07,789 - INFO - watchfiles.main - 1 change detected
2025-07-13 10:11:08,200 - INFO - watchfiles.main - 1 change detected
2025-07-13 10:11:08,609 - INFO - watchfiles.main - 1 change detected
2025-07-13 10:11:09,020 - INFO - watchfiles.main - 1 change detected
2025-07-13 10:11:09,433 - INFO - watchfiles.main - 1 change detected
2025-07-13 10:11:09,839 - INFO - watchfiles.main - 1 change detected
2025-07-13 10:11:10,254 - INFO - watchfiles.main - 1 change detected
2025-07-13 10:11:10,660 - INFO - watchfiles.main - 1 change detected
2025-07-13 10:11:11,074 - INFO - watchfiles.main - 1 change detected
2025-07-13 10:11:11,434 - INFO - watchfiles.main - 1 change detected
2025-07-13 10:11:11,836 - INFO - watchfiles.main - 1 change detected
2025-07-13 10:11:12,250 - INFO - watchfiles.main - 1 change detected
2025-07-13 10:11:12,664 - INFO - watchfiles.main - 1 change detected
2025-07-13 10:11:13,068 - INFO - watchfiles.main - 1 change detected
2025-07-13 10:11:13,485 - INFO - watchfiles.main - 1 change detected
2025-07-13 10:11:13,902 - INFO - watchfiles.main - 1 change detected
2025-07-13 10:11:14,314 - INFO - watchfiles.main - 1 change detected
2025-07-13 10:11:14,718 - INFO - watchfiles.main - 1 change detected
2025-07-13 10:11:15,138 - INFO - watchfiles.main - 1 change detected
2025-07-13 10:11:15,553 - INFO - watchfiles.main - 1 change detected
2025-07-13 10:11:15,959 - INFO - watchfiles.main - 1 change detected
2025-07-13 10:11:16,371 - INFO - watchfiles.main - 1 change detected
2025-07-13 10:11:16,788 - INFO - watchfiles.main - 1 change detected
2025-07-13 10:11:17,204 - INFO - watchfiles.main - 1 change detected
2025-07-13 10:11:17,617 - INFO - watchfiles.main - 1 change detected
2025-07-13 10:11:18,025 - INFO - watchfiles.main - 1 change detected
2025-07-13 10:11:18,437 - INFO - watchfiles.main - 1 change detected
2025-07-13 10:11:18,848 - INFO - watchfiles.main - 1 change detected
2025-07-13 10:11:19,253 - INFO - watchfiles.main - 1 change detected
2025-07-13 10:11:19,668 - INFO - watchfiles.main - 1 change detected
2025-07-13 10:11:20,071 - INFO - watchfiles.main - 1 change detected
2025-07-13 10:11:20,484 - INFO - watchfiles.main - 1 change detected
2025-07-13 10:11:20,896 - INFO - watchfiles.main - 1 change detected
2025-07-13 10:11:21,300 - INFO - watchfiles.main - 1 change detected
2025-07-13 10:11:21,705 - INFO - watchfiles.main - 1 change detected
2025-07-13 10:11:22,078 - INFO - watchfiles.main - 1 change detected
2025-07-13 10:11:22,537 - INFO - watchfiles.main - 1 change detected
2025-07-13 10:11:22,947 - INFO - watchfiles.main - 1 change detected
2025-07-13 10:11:23,353 - INFO - watchfiles.main - 1 change detected
2025-07-13 10:11:23,759 - INFO - watchfiles.main - 1 change detected
2025-07-13 10:11:24,176 - INFO - watchfiles.main - 1 change detected
2025-07-13 10:11:24,540 - INFO - watchfiles.main - 1 change detected
2025-07-13 10:11:24,999 - INFO - watchfiles.main - 1 change detected
2025-07-13 10:11:25,403 - INFO - watchfiles.main - 1 change detected
2025-07-13 10:11:25,814 - INFO - watchfiles.main - 1 change detected
2025-07-13 10:11:26,182 - INFO - watchfiles.main - 1 change detected
2025-07-13 10:11:26,590 - INFO - watchfiles.main - 1 change detected
2025-07-13 10:11:26,993 - INFO - watchfiles.main - 1 change detected
2025-07-13 10:11:27,417 - INFO - watchfiles.main - 1 change detected
2025-07-13 10:11:27,780 - INFO - watchfiles.main - 1 change detected
2025-07-13 10:11:28,188 - INFO - watchfiles.main - 1 change detected
2025-07-13 10:11:28,605 - INFO - watchfiles.main - 1 change detected
2025-07-13 10:11:29,028 - INFO - watchfiles.main - 1 change detected
2025-07-13 10:11:29,448 - INFO - watchfiles.main - 1 change detected
2025-07-13 10:11:29,851 - INFO - watchfiles.main - 1 change detected
2025-07-13 10:11:30,268 - INFO - watchfiles.main - 1 change detected
2025-07-13 10:11:30,672 - INFO - watchfiles.main - 1 change detected
2025-07-13 10:11:31,049 - INFO - watchfiles.main - 1 change detected
2025-07-13 10:11:31,484 - INFO - watchfiles.main - 1 change detected
2025-07-13 10:11:31,871 - INFO - watchfiles.main - 1 change detected
2025-07-13 10:11:32,278 - INFO - watchfiles.main - 1 change detected
2025-07-13 10:11:32,684 - INFO - watchfiles.main - 1 change detected
2025-07-13 10:11:33,098 - INFO - watchfiles.main - 1 change detected
2025-07-13 10:11:33,516 - INFO - watchfiles.main - 1 change detected
2025-07-13 10:11:33,918 - INFO - watchfiles.main - 1 change detected
2025-07-13 10:11:34,336 - INFO - watchfiles.main - 1 change detected
2025-07-13 10:11:34,750 - INFO - watchfiles.main - 1 change detected
2025-07-13 10:11:35,214 - INFO - watchfiles.main - 1 change detected
2025-07-13 10:11:35,572 - INFO - watchfiles.main - 1 change detected
2025-07-13 10:11:35,983 - INFO - watchfiles.main - 1 change detected
2025-07-13 10:11:36,400 - INFO - watchfiles.main - 1 change detected
2025-07-13 10:11:36,804 - INFO - watchfiles.main - 1 change detected
2025-07-13 10:11:37,208 - INFO - watchfiles.main - 1 change detected
2025-07-13 10:11:37,668 - INFO - watchfiles.main - 1 change detected
2025-07-13 10:11:38,031 - INFO - watchfiles.main - 1 change detected
2025-07-13 10:11:38,447 - INFO - watchfiles.main - 1 change detected
2025-07-13 10:11:38,851 - INFO - watchfiles.main - 1 change detected
2025-07-13 10:11:39,264 - INFO - watchfiles.main - 1 change detected
2025-07-13 10:11:39,676 - INFO - watchfiles.main - 1 change detected
2025-07-13 10:11:40,085 - INFO - watchfiles.main - 1 change detected
2025-07-13 10:11:40,491 - INFO - watchfiles.main - 1 change detected
2025-07-13 10:11:40,902 - INFO - watchfiles.main - 1 change detected
2025-07-13 10:11:41,316 - INFO - watchfiles.main - 1 change detected
2025-07-13 10:11:41,720 - INFO - watchfiles.main - 1 change detected
2025-07-13 10:11:42,136 - INFO - watchfiles.main - 1 change detected
2025-07-13 10:11:42,541 - INFO - watchfiles.main - 1 change detected
2025-07-13 10:11:42,951 - INFO - watchfiles.main - 1 change detected
2025-07-13 10:11:43,355 - INFO - watchfiles.main - 1 change detected
2025-07-13 10:11:43,777 - INFO - watchfiles.main - 1 change detected
2025-07-13 10:11:44,185 - INFO - watchfiles.main - 1 change detected
2025-07-13 10:11:44,595 - INFO - watchfiles.main - 1 change detected
2025-07-13 10:11:45,001 - INFO - watchfiles.main - 1 change detected
2025-07-13 10:11:45,410 - INFO - watchfiles.main - 1 change detected
2025-07-13 10:11:45,820 - INFO - watchfiles.main - 1 change detected
2025-07-13 10:11:46,183 - INFO - watchfiles.main - 1 change detected
2025-07-13 10:11:46,633 - INFO - watchfiles.main - 1 change detected
2025-07-13 10:11:47,056 - INFO - watchfiles.main - 1 change detected
2025-07-13 10:11:47,464 - INFO - watchfiles.main - 1 change detected
2025-07-13 10:11:47,869 - INFO - watchfiles.main - 1 change detected
2025-07-13 10:11:48,278 - INFO - watchfiles.main - 1 change detected
2025-07-13 10:11:48,693 - INFO - watchfiles.main - 1 change detected
2025-07-13 10:11:49,106 - INFO - watchfiles.main - 1 change detected
2025-07-13 10:11:49,485 - INFO - watchfiles.main - 1 change detected
2025-07-13 10:11:49,904 - INFO - watchfiles.main - 1 change detected
2025-07-13 10:11:50,317 - INFO - watchfiles.main - 1 change detected
2025-07-13 10:11:50,723 - INFO - watchfiles.main - 1 change detected
2025-07-13 10:11:51,143 - INFO - watchfiles.main - 1 change detected
2025-07-13 10:11:51,553 - INFO - watchfiles.main - 1 change detected
2025-07-13 10:11:51,926 - INFO - watchfiles.main - 1 change detected
2025-07-13 10:11:52,301 - INFO - watchfiles.main - 1 change detected
2025-07-13 10:11:52,665 - INFO - watchfiles.main - 1 change detected
2025-07-13 10:11:53,030 - INFO - watchfiles.main - 1 change detected
2025-07-13 10:11:53,390 - INFO - watchfiles.main - 1 change detected
2025-07-13 10:11:53,807 - INFO - watchfiles.main - 1 change detected
2025-07-13 10:11:54,211 - INFO - watchfiles.main - 1 change detected
2025-07-13 10:11:54,615 - INFO - watchfiles.main - 1 change detected
2025-07-13 10:11:55,024 - INFO - watchfiles.main - 1 change detected
2025-07-13 10:11:55,438 - INFO - watchfiles.main - 1 change detected
2025-07-13 10:11:55,845 - INFO - watchfiles.main - 1 change detected
2025-07-13 10:11:56,258 - INFO - watchfiles.main - 1 change detected
2025-07-13 10:11:56,662 - INFO - watchfiles.main - 1 change detected
2025-07-13 10:11:57,038 - INFO - watchfiles.main - 1 change detected
2025-07-13 10:11:57,446 - INFO - watchfiles.main - 1 change detected
2025-07-13 10:11:57,853 - INFO - watchfiles.main - 1 change detected
2025-07-13 10:11:58,267 - INFO - watchfiles.main - 1 change detected
2025-07-13 10:11:58,677 - INFO - watchfiles.main - 1 change detected
2025-07-13 10:11:59,093 - INFO - watchfiles.main - 1 change detected
2025-07-13 10:11:59,501 - INFO - watchfiles.main - 1 change detected
2025-07-13 10:11:59,908 - INFO - watchfiles.main - 1 change detected
2025-07-13 10:12:00,316 - INFO - watchfiles.main - 1 change detected
2025-07-13 10:12:00,722 - INFO - watchfiles.main - 1 change detected
2025-07-13 10:12:01,134 - INFO - watchfiles.main - 1 change detected
2025-07-13 10:12:01,489 - INFO - watchfiles.main - 1 change detected
2025-07-13 10:12:01,850 - INFO - watchfiles.main - 1 change detected
2025-07-13 10:12:02,203 - INFO - watchfiles.main - 1 change detected
2025-07-13 10:12:02,623 - INFO - watchfiles.main - 1 change detected
2025-07-13 10:12:02,987 - INFO - watchfiles.main - 1 change detected
2025-07-13 10:12:03,396 - INFO - watchfiles.main - 1 change detected
2025-07-13 10:12:03,805 - INFO - watchfiles.main - 1 change detected
2025-07-13 10:12:04,222 - INFO - watchfiles.main - 1 change detected
2025-07-13 10:12:04,628 - INFO - watchfiles.main - 1 change detected
2025-07-13 10:12:05,036 - INFO - watchfiles.main - 1 change detected
2025-07-13 10:12:05,442 - INFO - watchfiles.main - 1 change detected
2025-07-13 10:12:05,845 - INFO - watchfiles.main - 1 change detected
2025-07-13 10:12:06,304 - INFO - watchfiles.main - 1 change detected
2025-07-13 10:12:06,717 - INFO - watchfiles.main - 1 change detected
2025-07-13 10:12:07,137 - INFO - watchfiles.main - 1 change detected
2025-07-13 10:12:07,549 - INFO - watchfiles.main - 1 change detected
2025-07-13 10:12:07,953 - INFO - watchfiles.main - 1 change detected
2025-07-13 10:12:08,364 - INFO - watchfiles.main - 1 change detected
2025-07-13 10:12:08,778 - INFO - watchfiles.main - 1 change detected
2025-07-13 10:12:09,202 - INFO - watchfiles.main - 1 change detected
2025-07-13 10:12:09,608 - INFO - watchfiles.main - 1 change detected
2025-07-13 10:12:10,037 - INFO - watchfiles.main - 1 change detected
2025-07-13 10:12:10,454 - INFO - watchfiles.main - 1 change detected
2025-07-13 10:12:10,856 - INFO - watchfiles.main - 1 change detected
2025-07-13 10:12:11,221 - INFO - watchfiles.main - 1 change detected
2025-07-13 10:12:11,586 - INFO - watchfiles.main - 1 change detected
2025-07-13 10:12:11,946 - INFO - watchfiles.main - 1 change detected
2025-07-13 10:12:12,354 - INFO - watchfiles.main - 1 change detected
2025-07-13 10:12:12,770 - INFO - watchfiles.main - 1 change detected
2025-07-13 10:12:13,188 - INFO - watchfiles.main - 1 change detected
2025-07-13 10:12:13,595 - INFO - watchfiles.main - 1 change detected
2025-07-13 10:12:14,004 - INFO - watchfiles.main - 1 change detected
2025-07-13 10:12:14,416 - INFO - watchfiles.main - 1 change detected
2025-07-13 10:12:14,828 - INFO - watchfiles.main - 1 change detected
2025-07-13 10:12:15,233 - INFO - watchfiles.main - 1 change detected
2025-07-13 10:12:15,644 - INFO - watchfiles.main - 1 change detected
2025-07-13 10:12:16,005 - INFO - watchfiles.main - 1 change detected
2025-07-13 10:12:16,419 - INFO - watchfiles.main - 1 change detected
2025-07-13 10:12:16,836 - INFO - watchfiles.main - 1 change detected
2025-07-13 10:12:17,239 - INFO - watchfiles.main - 1 change detected
2025-07-13 10:12:17,643 - INFO - watchfiles.main - 1 change detected
2025-07-13 10:12:18,056 - INFO - watchfiles.main - 1 change detected
2025-07-13 10:12:18,483 - INFO - watchfiles.main - 1 change detected
2025-07-13 10:12:18,843 - INFO - watchfiles.main - 1 change detected
2025-07-13 10:12:19,281 - INFO - watchfiles.main - 1 change detected
